{"total": {"lines":{"total":545,"covered":387,"skipped":0,"pct":71},"statements":{"total":567,"covered":401,"skipped":0,"pct":70.72},"functions":{"total":122,"covered":89,"skipped":0,"pct":72.95},"branches":{"total":465,"covered":256,"skipped":0,"pct":55.05},"branchesTrue":{"total":0,"covered":0,"skipped":0,"pct":100}}
,"/home/runner/work/react-md-editor/react-md-editor/core/src/Context.tsx": {"lines":{"total":2,"covered":2,"skipped":0,"pct":100},"functions":{"total":1,"covered":1,"skipped":0,"pct":100},"statements":{"total":2,"covered":2,"skipped":0,"pct":100},"branches":{"total":0,"covered":0,"skipped":0,"pct":100}}
,"/home/runner/work/react-md-editor/react-md-editor/core/src/Editor.tsx": {"lines":{"total":77,"covered":50,"skipped":0,"pct":64.93},"functions":{"total":26,"covered":17,"skipped":0,"pct":65.38},"statements":{"total":84,"covered":55,"skipped":0,"pct":65.47},"branches":{"total":116,"covered":71,"skipped":0,"pct":61.2}}
,"/home/runner/work/react-md-editor/react-md-editor/core/src/index.tsx": {"lines":{"total":0,"covered":0,"skipped":0,"pct":0},"functions":{"total":0,"covered":0,"skipped":0,"pct":0},"statements":{"total":0,"covered":0,"skipped":0,"pct":0},"branches":{"total":0,"covered":0,"skipped":0,"pct":0}}
,"/home/runner/work/react-md-editor/react-md-editor/core/src/commands/bold.tsx": {"lines":{"total":5,"covered":5,"skipped":0,"pct":100},"functions":{"total":1,"covered":1,"skipped":0,"pct":100},"statements":{"total":5,"covered":5,"skipped":0,"pct":100},"branches":{"total":0,"covered":0,"skipped":0,"pct":100}}
,"/home/runner/work/react-md-editor/react-md-editor/core/src/commands/code.tsx": {"lines":{"total":28,"covered":28,"skipped":0,"pct":100},"functions":{"total":2,"covered":2,"skipped":0,"pct":100},"statements":{"total":28,"covered":28,"skipped":0,"pct":100},"branches":{"total":2,"covered":2,"skipped":0,"pct":100}}
,"/home/runner/work/react-md-editor/react-md-editor/core/src/commands/comment.tsx": {"lines":{"total":5,"covered":5,"skipped":0,"pct":100},"functions":{"total":1,"covered":1,"skipped":0,"pct":100},"statements":{"total":5,"covered":5,"skipped":0,"pct":100},"branches":{"total":0,"covered":0,"skipped":0,"pct":100}}
,"/home/runner/work/react-md-editor/react-md-editor/core/src/commands/divider.tsx": {"lines":{"total":1,"covered":1,"skipped":0,"pct":100},"functions":{"total":0,"covered":0,"skipped":0,"pct":100},"statements":{"total":1,"covered":1,"skipped":0,"pct":100},"branches":{"total":0,"covered":0,"skipped":0,"pct":100}}
,"/home/runner/work/react-md-editor/react-md-editor/core/src/commands/fullscreen.tsx": {"lines":{"total":4,"covered":3,"skipped":0,"pct":75},"functions":{"total":1,"covered":1,"skipped":0,"pct":100},"statements":{"total":4,"covered":3,"skipped":0,"pct":75},"branches":{"total":5,"covered":2,"skipped":0,"pct":40}}
,"/home/runner/work/react-md-editor/react-md-editor/core/src/commands/group.tsx": {"lines":{"total":7,"covered":1,"skipped":0,"pct":14.28},"functions":{"total":3,"covered":0,"skipped":0,"pct":0},"statements":{"total":7,"covered":1,"skipped":0,"pct":14.28},"branches":{"total":2,"covered":0,"skipped":0,"pct":0}}
,"/home/runner/work/react-md-editor/react-md-editor/core/src/commands/hr.tsx": {"lines":{"total":2,"covered":2,"skipped":0,"pct":100},"functions":{"total":1,"covered":1,"skipped":0,"pct":100},"statements":{"total":2,"covered":2,"skipped":0,"pct":100},"branches":{"total":0,"covered":0,"skipped":0,"pct":100}}
,"/home/runner/work/react-md-editor/react-md-editor/core/src/commands/image.tsx": {"lines":{"total":6,"covered":6,"skipped":0,"pct":100},"functions":{"total":1,"covered":1,"skipped":0,"pct":100},"statements":{"total":6,"covered":6,"skipped":0,"pct":100},"branches":{"total":2,"covered":2,"skipped":0,"pct":100}}
,"/home/runner/work/react-md-editor/react-md-editor/core/src/commands/index.ts": {"lines":{"total":15,"covered":13,"skipped":0,"pct":86.66},"functions":{"total":9,"covered":8,"skipped":0,"pct":88.88},"statements":{"total":18,"covered":15,"skipped":0,"pct":83.33},"branches":{"total":4,"covered":2,"skipped":0,"pct":50}}
,"/home/runner/work/react-md-editor/react-md-editor/core/src/commands/italic.tsx": {"lines":{"total":5,"covered":5,"skipped":0,"pct":100},"functions":{"total":1,"covered":1,"skipped":0,"pct":100},"statements":{"total":5,"covered":5,"skipped":0,"pct":100},"branches":{"total":0,"covered":0,"skipped":0,"pct":100}}
,"/home/runner/work/react-md-editor/react-md-editor/core/src/commands/link.tsx": {"lines":{"total":5,"covered":5,"skipped":0,"pct":100},"functions":{"total":1,"covered":1,"skipped":0,"pct":100},"statements":{"total":5,"covered":5,"skipped":0,"pct":100},"branches":{"total":0,"covered":0,"skipped":0,"pct":100}}
,"/home/runner/work/react-md-editor/react-md-editor/core/src/commands/list.tsx": {"lines":{"total":31,"covered":30,"skipped":0,"pct":96.77},"functions":{"total":8,"covered":8,"skipped":0,"pct":100},"statements":{"total":33,"covered":32,"skipped":0,"pct":96.96},"branches":{"total":6,"covered":4,"skipped":0,"pct":66.66}}
,"/home/runner/work/react-md-editor/react-md-editor/core/src/commands/preview.tsx": {"lines":{"total":3,"covered":3,"skipped":0,"pct":100},"functions":{"total":3,"covered":0,"skipped":0,"pct":0},"statements":{"total":3,"covered":3,"skipped":0,"pct":100},"branches":{"total":0,"covered":0,"skipped":0,"pct":100}}
,"/home/runner/work/react-md-editor/react-md-editor/core/src/commands/quote.tsx": {"lines":{"total":11,"covered":11,"skipped":0,"pct":100},"functions":{"total":1,"covered":1,"skipped":0,"pct":100},"statements":{"total":11,"covered":11,"skipped":0,"pct":100},"branches":{"total":0,"covered":0,"skipped":0,"pct":100}}
,"/home/runner/work/react-md-editor/react-md-editor/core/src/commands/strikeThrough.tsx": {"lines":{"total":5,"covered":5,"skipped":0,"pct":100},"functions":{"total":1,"covered":1,"skipped":0,"pct":100},"statements":{"total":5,"covered":5,"skipped":0,"pct":100},"branches":{"total":0,"covered":0,"skipped":0,"pct":100}}
,"/home/runner/work/react-md-editor/react-md-editor/core/src/commands/title.tsx": {"lines":{"total":1,"covered":1,"skipped":0,"pct":100},"functions":{"total":0,"covered":0,"skipped":0,"pct":100},"statements":{"total":1,"covered":1,"skipped":0,"pct":100},"branches":{"total":0,"covered":0,"skipped":0,"pct":100}}
,"/home/runner/work/react-md-editor/react-md-editor/core/src/commands/title1.tsx": {"lines":{"total":4,"covered":4,"skipped":0,"pct":100},"functions":{"total":1,"covered":1,"skipped":0,"pct":100},"statements":{"total":4,"covered":4,"skipped":0,"pct":100},"branches":{"total":4,"covered":4,"skipped":0,"pct":100}}
,"/home/runner/work/react-md-editor/react-md-editor/core/src/commands/title2.tsx": {"lines":{"total":4,"covered":4,"skipped":0,"pct":100},"functions":{"total":1,"covered":1,"skipped":0,"pct":100},"statements":{"total":4,"covered":4,"skipped":0,"pct":100},"branches":{"total":4,"covered":4,"skipped":0,"pct":100}}
,"/home/runner/work/react-md-editor/react-md-editor/core/src/commands/title3.tsx": {"lines":{"total":4,"covered":4,"skipped":0,"pct":100},"functions":{"total":1,"covered":1,"skipped":0,"pct":100},"statements":{"total":4,"covered":4,"skipped":0,"pct":100},"branches":{"total":4,"covered":4,"skipped":0,"pct":100}}
,"/home/runner/work/react-md-editor/react-md-editor/core/src/commands/title4.tsx": {"lines":{"total":4,"covered":4,"skipped":0,"pct":100},"functions":{"total":1,"covered":1,"skipped":0,"pct":100},"statements":{"total":4,"covered":4,"skipped":0,"pct":100},"branches":{"total":4,"covered":4,"skipped":0,"pct":100}}
,"/home/runner/work/react-md-editor/react-md-editor/core/src/commands/title5.tsx": {"lines":{"total":4,"covered":4,"skipped":0,"pct":100},"functions":{"total":1,"covered":1,"skipped":0,"pct":100},"statements":{"total":4,"covered":4,"skipped":0,"pct":100},"branches":{"total":4,"covered":4,"skipped":0,"pct":100}}
,"/home/runner/work/react-md-editor/react-md-editor/core/src/commands/title6.tsx": {"lines":{"total":4,"covered":4,"skipped":0,"pct":100},"functions":{"total":1,"covered":1,"skipped":0,"pct":100},"statements":{"total":4,"covered":4,"skipped":0,"pct":100},"branches":{"total":4,"covered":4,"skipped":0,"pct":100}}
,"/home/runner/work/react-md-editor/react-md-editor/core/src/components/DragBar/index.tsx": {"lines":{"total":20,"covered":15,"skipped":0,"pct":75},"functions":{"total":7,"covered":5,"skipped":0,"pct":71.42},"statements":{"total":20,"covered":15,"skipped":0,"pct":75},"branches":{"total":14,"covered":4,"skipped":0,"pct":28.57}}
,"/home/runner/work/react-md-editor/react-md-editor/core/src/components/TextArea/Markdown.tsx": {"lines":{"total":18,"covered":15,"skipped":0,"pct":83.33},"functions":{"total":7,"covered":4,"skipped":0,"pct":57.14},"statements":{"total":18,"covered":15,"skipped":0,"pct":83.33},"branches":{"total":11,"covered":9,"skipped":0,"pct":81.81}}
,"/home/runner/work/react-md-editor/react-md-editor/core/src/components/TextArea/Textarea.tsx": {"lines":{"total":24,"covered":23,"skipped":0,"pct":95.83},"functions":{"total":7,"covered":7,"skipped":0,"pct":100},"statements":{"total":24,"covered":23,"skipped":0,"pct":95.83},"branches":{"total":18,"covered":12,"skipped":0,"pct":66.66}}
,"/home/runner/work/react-md-editor/react-md-editor/core/src/components/TextArea/handleKeyDown.tsx": {"lines":{"total":43,"covered":7,"skipped":0,"pct":16.27},"functions":{"total":4,"covered":1,"skipped":0,"pct":25},"statements":{"total":43,"covered":7,"skipped":0,"pct":16.27},"branches":{"total":33,"covered":7,"skipped":0,"pct":21.21}}
,"/home/runner/work/react-md-editor/react-md-editor/core/src/components/TextArea/index.tsx": {"lines":{"total":19,"covered":16,"skipped":0,"pct":84.21},"functions":{"total":3,"covered":3,"skipped":0,"pct":100},"statements":{"total":19,"covered":16,"skipped":0,"pct":84.21},"branches":{"total":22,"covered":13,"skipped":0,"pct":59.09}}
,"/home/runner/work/react-md-editor/react-md-editor/core/src/components/TextArea/shortcuts.ts": {"lines":{"total":36,"covered":32,"skipped":0,"pct":88.88},"functions":{"total":5,"covered":5,"skipped":0,"pct":100},"statements":{"total":36,"covered":32,"skipped":0,"pct":88.88},"branches":{"total":44,"covered":31,"skipped":0,"pct":70.45}}
,"/home/runner/work/react-md-editor/react-md-editor/core/src/components/Toolbar/Child.tsx": {"lines":{"total":5,"covered":0,"skipped":0,"pct":0},"functions":{"total":3,"covered":0,"skipped":0,"pct":0},"statements":{"total":5,"covered":0,"skipped":0,"pct":0},"branches":{"total":9,"covered":0,"skipped":0,"pct":0}}
,"/home/runner/work/react-md-editor/react-md-editor/core/src/components/Toolbar/index.tsx": {"lines":{"total":47,"covered":36,"skipped":0,"pct":76.59},"functions":{"total":11,"covered":6,"skipped":0,"pct":54.54},"statements":{"total":49,"covered":36,"skipped":0,"pct":73.46},"branches":{"total":85,"covered":52,"skipped":0,"pct":61.17}}
,"/home/runner/work/react-md-editor/react-md-editor/core/src/utils/InsertTextAtPosition.ts": {"lines":{"total":58,"covered":21,"skipped":0,"pct":36.2},"functions":{"total":3,"covered":2,"skipped":0,"pct":66.66},"statements":{"total":58,"covered":21,"skipped":0,"pct":36.2},"branches":{"total":35,"covered":5,"skipped":0,"pct":14.28}}
,"/home/runner/work/react-md-editor/react-md-editor/core/src/utils/markdownUtils.ts": {"lines":{"total":38,"covered":22,"skipped":0,"pct":57.89},"functions":{"total":5,"covered":5,"skipped":0,"pct":100},"statements":{"total":46,"covered":27,"skipped":0,"pct":58.69},"branches":{"total":33,"covered":16,"skipped":0,"pct":48.48}}
}
