TN:
SF:src/Context.tsx
FN:30,reducer
FNF:1
FNH:1
FNDA:210,reducer
DA:31,210
DA:34,2
LF:2
LH:2
BRF:0
BRH:0
end_of_record
TN:
SF:src/Editor.tsx
FN:108,setGroupPopFalse
FN:109,(anonymous_1)
FN:115,(anonymous_2)
FN:147,(anonymous_3)
FN:150,(anonymous_4)
FN:170,(anonymous_5)
FN:171,(anonymous_6)
FN:172,(anonymous_7)
FN:196,(anonymous_8)
FN:200,(anonymous_9)
FN:202,(anonymous_10)
FN:204,(anonymous_11)
FN:206,(anonymous_12)
FN:211,(anonymous_13)
FN:213,(anonymous_14)
FN:222,(anonymous_15)
FN:225,(anonymous_16)
FN:228,(anonymous_17)
FN:234,(anonymous_18)
FN:262,(anonymous_19)
FN:265,(anonymous_20)
FN:280,(anonymous_21)
FN:301,(anonymous_22)
FN:308,(anonymous_23)
FN:319,(anonymous_24)
FNF:25
FNH:18
FNDA:2,setGroupPopFalse
FNDA:0,(anonymous_1)
FNDA:148,(anonymous_2)
FNDA:1468,(anonymous_3)
FNDA:740,(anonymous_4)
FNDA:0,(anonymous_5)
FNDA:31,(anonymous_6)
FNDA:30,(anonymous_7)
FNDA:108,(anonymous_8)
FNDA:31,(anonymous_9)
FNDA:31,(anonymous_10)
FNDA:31,(anonymous_11)
FNDA:31,(anonymous_12)
FNDA:31,(anonymous_13)
FNDA:31,(anonymous_14)
FNDA:61,(anonymous_15)
FNDA:2,(anonymous_16)
FNDA:0,(anonymous_17)
FNDA:0,(anonymous_18)
FNDA:148,(anonymous_19)
FNDA:0,(anonymous_20)
FNDA:2,(anonymous_21)
FNDA:41,(anonymous_22)
FNDA:0,(anonymous_23)
FNDA:0,(anonymous_24)
DA:109,2
DA:110,0
DA:112,2
DA:115,2
DA:145,148
DA:146,148
DA:147,1468
DA:149,148
DA:150,740
DA:152,148
DA:166,148
DA:167,148
DA:168,148
DA:170,148
DA:171,148
DA:172,148
DA:173,30
DA:174,30
DA:175,30
DA:177,30
DA:178,30
DA:179,30
DA:180,30
DA:185,148
DA:195,148
DA:196,108
DA:200,148
DA:202,148
DA:204,148
DA:205,148
DA:206,31
DA:211,148
DA:212,148
DA:213,31
DA:218,148
DA:219,148
DA:220,148
DA:222,148
DA:223,61
DA:224,61
DA:225,30
DA:226,2
DA:228,30
DA:229,0
DA:234,148
DA:235,0
DA:236,0
DA:237,0
DA:238,0
DA:239,0
DA:240,0
DA:242,0
DA:244,0
DA:245,0
DA:246,0
DA:248,0
DA:249,0
DA:251,0
DA:252,0
DA:253,0
DA:254,0
DA:255,0
DA:257,0
DA:261,148
DA:263,148
DA:265,0
DA:274,148
DA:281,2
DA:302,41
DA:303,41
DA:304,0
DA:308,0
DA:320,0
DA:329,2
DA:335,2
LF:75
LH:51
BRDA:108,0,0,0
BRDA:120,1,0,148
BRDA:123,2,0,88
BRDA:125,3,0,148
BRDA:126,4,0,148
BRDA:127,5,0,148
BRDA:128,6,0,148
BRDA:129,7,0,148
BRDA:130,8,0,148
BRDA:131,9,0,148
BRDA:132,10,0,148
BRDA:133,11,0,148
BRDA:134,12,0,148
BRDA:136,13,0,148
BRDA:137,14,0,148
BRDA:139,15,0,148
BRDA:140,16,0,148
BRDA:145,17,0,148
BRDA:145,17,1,0
BRDA:147,18,0,0
BRDA:147,18,1,1468
BRDA:150,19,0,0
BRDA:150,19,1,740
BRDA:174,20,0,30
BRDA:174,20,1,0
BRDA:175,21,0,30
BRDA:175,21,1,0
BRDA:177,22,0,30
BRDA:177,22,1,8
BRDA:179,23,0,30
BRDA:179,23,1,0
BRDA:188,24,0,148
BRDA:188,24,1,0
BRDA:189,25,0,2
BRDA:189,25,1,146
BRDA:196,26,0,108
BRDA:196,26,1,42
BRDA:196,27,0,42
BRDA:196,27,1,31
BRDA:200,28,0,31
BRDA:200,28,1,0
BRDA:202,29,0,31
BRDA:202,29,1,0
BRDA:204,30,0,31
BRDA:204,30,1,0
BRDA:206,31,0,31
BRDA:206,31,1,0
BRDA:211,32,0,31
BRDA:211,32,1,0
BRDA:213,33,0,31
BRDA:213,33,1,0
BRDA:224,34,0,30
BRDA:224,34,1,31
BRDA:235,35,0,0
BRDA:235,35,1,0
BRDA:237,36,0,0
BRDA:237,36,1,0
BRDA:238,37,0,0
BRDA:238,37,1,0
BRDA:242,38,0,0
BRDA:242,38,1,0
BRDA:242,39,0,0
BRDA:242,39,1,0
BRDA:245,40,0,0
BRDA:245,40,1,0
BRDA:245,41,0,0
BRDA:245,41,1,0
BRDA:248,42,0,0
BRDA:248,42,1,0
BRDA:248,43,0,0
BRDA:248,43,1,0
BRDA:252,44,0,0
BRDA:252,44,1,0
BRDA:253,45,0,0
BRDA:253,45,1,0
BRDA:254,46,0,0
BRDA:254,46,1,0
BRDA:255,47,0,0
BRDA:255,47,1,0
BRDA:267,48,0,148
BRDA:267,48,1,48
BRDA:268,49,0,148
BRDA:268,49,1,148
BRDA:285,50,0,2
BRDA:285,50,1,146
BRDA:285,51,0,0
BRDA:285,51,1,146
BRDA:288,52,0,148
BRDA:288,52,1,148
BRDA:292,53,0,2
BRDA:292,53,1,146
BRDA:295,54,0,148
BRDA:295,54,1,148
BRDA:295,55,0,148
BRDA:295,55,1,0
BRDA:302,56,0,41
BRDA:302,56,1,41
BRDA:303,57,0,0
BRDA:303,57,1,41
BRDA:303,58,0,41
BRDA:303,58,1,36
BRDA:311,59,0,148
BRDA:311,59,1,148
BRDA:311,60,0,148
BRDA:311,60,1,0
BRDA:313,61,0,148
BRDA:313,61,1,148
BRDA:313,61,2,146
BRF:108
BRH:64
end_of_record
TN:
SF:src/index.tsx
FNF:0
FNH:0
LF:0
LH:0
BRF:0
BRH:0
end_of_record
TN:
SF:src/commands/bold.tsx
FN:18,(anonymous_0)
FNF:1
FNH:1
FNDA:1,(anonymous_0)
DA:5,2
DA:20,1
DA:21,1
DA:23,1
DA:25,1
LF:5
LH:5
BRF:0
BRH:0
end_of_record
TN:
SF:src/commands/code.tsx
FN:22,(anonymous_0)
FN:63,(anonymous_1)
FNF:2
FNH:2
FNDA:2,(anonymous_0)
FNDA:1,(anonymous_1)
DA:9,2
DA:24,2
DA:25,2
DA:27,2
DA:28,1
DA:31,1
DA:32,1
DA:34,1
DA:38,1
DA:41,1
DA:42,1
DA:44,1
DA:45,1
DA:47,1
DA:49,1
DA:50,1
DA:52,1
DA:59,2
DA:65,1
DA:66,1
DA:68,1
DA:69,1
DA:71,1
DA:72,1
DA:74,1
DA:76,1
DA:77,1
DA:79,1
LF:28
LH:28
BRDA:27,0,0,1
BRDA:27,0,1,1
BRF:2
BRH:2
end_of_record
TN:
SF:src/commands/comment.tsx
FN:8,(anonymous_0)
FNF:1
FNH:1
FNDA:1,(anonymous_0)
DA:4,2
DA:10,1
DA:11,1
DA:13,1
DA:15,1
LF:5
LH:5
BRF:0
BRH:0
end_of_record
TN:
SF:src/commands/divider.tsx
FNF:0
FNH:0
DA:3,2
LF:1
LH:1
BRF:0
BRH:0
end_of_record
TN:
SF:src/commands/fullscreen.tsx
FN:18,(anonymous_0)
FNF:1
FNH:1
FNDA:3,(anonymous_0)
DA:5,2
DA:24,3
DA:25,3
DA:26,1
LF:4
LH:4
BRDA:25,0,0,1
BRDA:25,0,1,2
BRDA:25,1,0,3
BRDA:25,1,1,2
BRDA:25,1,2,2
BRF:5
BRH:5
end_of_record
TN:
SF:src/commands/group.tsx
FN:8,(anonymous_0)
FN:19,(anonymous_1)
FN:24,(anonymous_2)
FNF:3
FNH:0
FNDA:0,(anonymous_0)
FNDA:0,(anonymous_1)
FNDA:0,(anonymous_2)
DA:8,2
DA:9,0
DA:23,0
DA:24,0
DA:25,0
DA:26,0
DA:29,0
LF:7
LH:1
BRDA:23,0,0,0
BRDA:23,0,1,0
BRF:2
BRH:0
end_of_record
TN:
SF:src/commands/hr.tsx
FN:18,(anonymous_0)
FNF:1
FNH:1
FNDA:1,(anonymous_0)
DA:4,2
DA:19,1
LF:2
LH:2
BRF:0
BRH:0
end_of_record
TN:
SF:src/commands/image.tsx
FN:18,(anonymous_0)
FNF:1
FNH:1
FNDA:2,(anonymous_0)
DA:5,2
DA:20,2
DA:21,2
DA:23,2
DA:24,2
DA:26,2
LF:6
LH:6
BRDA:23,0,0,2
BRDA:23,0,1,1
BRF:2
BRH:2
end_of_record
TN:
SF:src/commands/index.ts
FN:74,(anonymous_0)
FN:93,(anonymous_1)
FN:95,getStateFromTextArea
FN:109,(anonymous_3)
FN:118,(anonymous_4)
FN:127,(anonymous_5)
FN:139,(anonymous_6)
FN:144,(anonymous_7)
FN:149,(anonymous_8)
FNF:9
FNH:8
FNDA:88,(anonymous_0)
FNDA:148,(anonymous_1)
FNDA:79,getStateFromTextArea
FNDA:47,(anonymous_3)
FNDA:21,(anonymous_4)
FNDA:28,(anonymous_5)
FNDA:30,(anonymous_6)
FNDA:0,(anonymous_7)
FNDA:30,(anonymous_8)
DA:74,88
DA:93,148
DA:96,79
DA:110,47
DA:119,21
DA:120,21
DA:128,28
DA:129,28
DA:130,28
DA:131,28
DA:140,30
DA:141,30
DA:145,0
DA:146,0
DA:154,30
LF:15
LH:13
BRDA:145,0,0,0
BRDA:145,0,1,0
BRDA:154,1,0,30
BRDA:154,1,1,30
BRF:4
BRH:2
end_of_record
TN:
SF:src/commands/italic.tsx
FN:18,(anonymous_0)
FNF:1
FNH:1
FNDA:1,(anonymous_0)
DA:5,2
DA:20,1
DA:21,1
DA:23,1
DA:25,1
LF:5
LH:5
BRF:0
BRH:0
end_of_record
TN:
SF:src/commands/link.tsx
FN:18,(anonymous_0)
FNF:1
FNH:1
FNDA:1,(anonymous_0)
DA:5,2
DA:20,1
DA:21,1
DA:23,1
DA:25,1
LF:5
LH:5
BRF:0
BRH:0
end_of_record
TN:
SF:src/commands/list.tsx
FN:14,insertBeforeEachLine
FN:22,(anonymous_1)
FN:38,(anonymous_2)
FN:79,(anonymous_3)
FN:97,(anonymous_4)
FN:98,(anonymous_5)
FN:115,(anonymous_6)
FN:116,(anonymous_7)
FNF:8
FNH:8
FNDA:3,insertBeforeEachLine
FNDA:3,(anonymous_1)
FNDA:3,(anonymous_2)
FNDA:1,(anonymous_3)
FNDA:1,(anonymous_4)
FNDA:2,(anonymous_5)
FNDA:1,(anonymous_6)
FNDA:2,(anonymous_7)
DA:18,3
DA:20,3
DA:21,3
DA:23,3
DA:24,1
DA:25,1
DA:26,2
DA:27,2
DA:28,2
DA:29,2
DA:31,0
DA:35,3
DA:38,2
DA:40,3
DA:41,3
DA:43,3
DA:44,3
DA:46,3
DA:47,3
DA:49,3
DA:51,3
DA:54,3
DA:56,3
DA:57,3
DA:60,3
DA:66,2
DA:80,1
DA:84,2
DA:98,2
DA:102,2
DA:116,2
LF:31
LH:30
BRDA:23,0,0,1
BRDA:23,0,1,2
BRDA:26,1,0,2
BRDA:26,1,1,0
BRDA:54,2,0,3
BRDA:54,2,1,0
BRF:6
BRH:4
end_of_record
TN:
SF:src/commands/preview.tsx
FN:21,(anonymous_0)
FN:38,(anonymous_1)
FN:55,(anonymous_2)
FNF:3
FNH:0
FNDA:0,(anonymous_0)
FNDA:0,(anonymous_1)
FNDA:0,(anonymous_2)
DA:4,2
DA:24,2
DA:41,2
LF:3
LH:3
BRF:0
BRH:0
end_of_record
TN:
SF:src/commands/quote.tsx
FN:22,(anonymous_0)
FNF:1
FNH:1
FNDA:1,(anonymous_0)
DA:9,2
DA:24,1
DA:25,1
DA:26,1
DA:27,1
DA:29,1
DA:30,1
DA:33,1
DA:35,1
DA:36,1
DA:38,1
LF:11
LH:11
BRF:0
BRH:0
end_of_record
TN:
SF:src/commands/strikeThrough.tsx
FN:18,(anonymous_0)
FNF:1
FNH:1
FNDA:1,(anonymous_0)
DA:5,2
DA:20,1
DA:21,1
DA:23,1
DA:25,1
LF:5
LH:5
BRF:0
BRH:0
end_of_record
TN:
SF:src/commands/title.tsx
FNF:0
FNH:0
DA:5,2
LF:1
LH:1
BRF:0
BRH:0
end_of_record
TN:
SF:src/commands/title1.tsx
FN:11,(anonymous_0)
FNF:1
FNH:1
FNDA:2,(anonymous_0)
DA:5,2
DA:12,2
DA:13,1
DA:15,1
LF:4
LH:4
BRDA:12,0,0,1
BRDA:12,0,1,1
BRDA:12,1,0,2
BRDA:12,1,1,1
BRF:4
BRH:4
end_of_record
TN:
SF:src/commands/title2.tsx
FN:11,(anonymous_0)
FNF:1
FNH:1
FNDA:2,(anonymous_0)
DA:5,2
DA:12,2
DA:13,1
DA:15,1
LF:4
LH:4
BRDA:12,0,0,1
BRDA:12,0,1,1
BRDA:12,1,0,2
BRDA:12,1,1,1
BRF:4
BRH:4
end_of_record
TN:
SF:src/commands/title3.tsx
FN:11,(anonymous_0)
FNF:1
FNH:1
FNDA:2,(anonymous_0)
DA:5,2
DA:12,2
DA:13,1
DA:15,1
LF:4
LH:4
BRDA:12,0,0,1
BRDA:12,0,1,1
BRDA:12,1,0,2
BRDA:12,1,1,1
BRF:4
BRH:4
end_of_record
TN:
SF:src/commands/title4.tsx
FN:11,(anonymous_0)
FNF:1
FNH:1
FNDA:2,(anonymous_0)
DA:5,2
DA:12,2
DA:13,1
DA:15,1
LF:4
LH:4
BRDA:12,0,0,1
BRDA:12,0,1,1
BRDA:12,1,0,2
BRDA:12,1,1,1
BRF:4
BRH:4
end_of_record
TN:
SF:src/commands/title5.tsx
FN:11,(anonymous_0)
FNF:1
FNH:1
FNDA:2,(anonymous_0)
DA:5,2
DA:12,2
DA:13,1
DA:15,1
LF:4
LH:4
BRDA:12,0,0,1
BRDA:12,0,1,1
BRDA:12,1,0,2
BRDA:12,1,1,1
BRF:4
BRH:4
end_of_record
TN:
SF:src/commands/title6.tsx
FN:11,(anonymous_0)
FNF:1
FNH:1
FNDA:2,(anonymous_0)
DA:5,2
DA:12,2
DA:13,1
DA:15,1
LF:4
LH:4
BRDA:12,0,0,1
BRDA:12,0,1,1
BRDA:12,1,0,2
BRDA:12,1,1,1
BRF:4
BRH:4
end_of_record
TN:
SF:src/components/DragBar/index.tsx
FN:12,(anonymous_0)
FN:15,handleMouseMove
FN:23,handleMouseUp
FN:26,handleMouseDown
FN:33,(anonymous_4)
FN:38,(anonymous_5)
FN:47,(anonymous_6)
FNF:7
FNH:6
FNDA:104,(anonymous_0)
FNDA:1,handleMouseMove
FNDA:1,handleMouseUp
FNDA:0,handleMouseDown
FNDA:31,(anonymous_4)
FNDA:31,(anonymous_5)
FNDA:32,(anonymous_6)
DA:12,2
DA:13,104
DA:14,104
DA:16,1
DA:17,0
DA:18,0
DA:19,0
DA:24,1
DA:27,0
DA:33,104
DA:34,31
DA:35,31
DA:36,31
DA:38,31
DA:39,31
DA:40,31
DA:41,31
DA:46,104
DA:48,32
DA:57,104
LF:20
LH:16
BRDA:13,0,0,104
BRDA:13,0,1,0
BRDA:16,1,0,0
BRDA:16,1,1,1
BRDA:18,2,0,0
BRDA:18,2,1,0
BRDA:18,3,0,0
BRDA:18,3,1,0
BRDA:19,4,0,0
BRDA:19,4,1,0
BRDA:34,5,0,31
BRDA:34,5,1,0
BRDA:39,6,0,31
BRDA:39,6,1,0
BRF:14
BRH:4
end_of_record
TN:
SF:src/components/TextArea/Markdown.tsx
FN:10,Markdown
FN:14,(anonymous_1)
FN:20,html2Escape
FN:22,(anonymous_3)
FN:25,(anonymous_4)
FN:30,(anonymous_5)
FN:34,(anonymous_6)
FNF:7
FNH:5
FNDA:106,Markdown
FNDA:30,(anonymous_1)
FNDA:70,html2Escape
FNDA:0,(anonymous_3)
FNDA:0,(anonymous_4)
FNDA:1,(anonymous_5)
FNDA:106,(anonymous_6)
DA:11,106
DA:12,106
DA:13,106
DA:14,106
DA:15,30
DA:16,8
DA:21,70
DA:23,0
DA:25,0
DA:30,1
DA:34,106
DA:35,106
DA:36,36
DA:38,70
DA:46,70
LF:15
LH:13
BRDA:12,0,0,6
BRDA:15,1,0,8
BRDA:15,1,1,22
BRDA:15,2,0,30
BRDA:15,2,1,8
BRDA:35,3,0,36
BRDA:35,3,1,70
BRDA:35,4,0,106
BRDA:35,4,1,106
BRDA:36,5,0,36
BRDA:36,5,1,36
BRF:11
BRH:11
end_of_record
TN:
SF:src/components/TextArea/Textarea.tsx
FN:11,Textarea
FN:28,(anonymous_1)
FN:32,(anonymous_2)
FN:41,(anonymous_3)
FN:45,(anonymous_4)
FN:49,(anonymous_5)
FN:68,(anonymous_6)
FNF:7
FNH:7
FNDA:106,Textarea
FNDA:32,(anonymous_1)
FNDA:30,(anonymous_2)
FNDA:17,(anonymous_3)
FNDA:30,(anonymous_4)
FNDA:30,(anonymous_5)
FNDA:41,(anonymous_6)
DA:12,106
DA:23,106
DA:24,106
DA:25,106
DA:26,106
DA:28,106
DA:29,32
DA:32,106
DA:33,30
DA:34,30
DA:35,30
DA:36,30
DA:41,106
DA:42,17
DA:43,17
DA:45,106
DA:46,30
DA:47,30
DA:49,30
DA:50,30
DA:52,0
DA:58,106
DA:69,41
DA:70,41
LF:24
LH:23
BRDA:33,0,0,30
BRDA:33,0,1,0
BRDA:33,1,0,30
BRDA:33,1,1,30
BRDA:43,2,0,17
BRDA:43,2,1,0
BRDA:43,3,0,17
BRDA:43,3,1,0
BRDA:46,4,0,30
BRDA:46,4,1,0
BRDA:50,5,0,0
BRDA:50,5,1,30
BRDA:66,6,0,0
BRDA:66,6,1,106
BRDA:69,7,0,41
BRDA:69,7,1,41
BRDA:70,8,0,41
BRDA:70,8,1,41
BRF:18
BRH:12
end_of_record
TN:
SF:src/components/TextArea/handleKeyDown.tsx
FN:9,stopPropagation
FN:14,handleKeyDown
FN:35,(anonymous_2)
FN:55,(anonymous_3)
FNF:4
FNH:1
FNDA:0,stopPropagation
FNDA:17,handleKeyDown
FNDA:0,(anonymous_2)
FNDA:0,(anonymous_3)
DA:10,0
DA:11,0
DA:19,17
DA:20,17
DA:21,17
DA:22,17
DA:23,17
DA:28,17
DA:29,0
DA:30,0
DA:31,0
DA:32,0
DA:33,0
DA:34,0
DA:35,0
DA:36,0
DA:37,0
DA:40,0
DA:41,0
DA:42,0
DA:44,0
DA:49,0
DA:51,0
DA:52,0
DA:53,0
DA:55,0
DA:58,0
DA:60,0
DA:61,0
DA:63,0
DA:68,0
DA:70,17
DA:78,0
DA:79,0
DA:81,0
DA:82,0
DA:85,0
DA:86,0
DA:87,0
DA:88,0
DA:91,0
DA:92,0
DA:94,0
LF:43
LH:7
BRDA:16,0,0,0
BRDA:17,1,0,0
BRDA:28,2,0,0
BRDA:28,2,1,17
BRDA:28,3,0,17
BRDA:28,3,1,17
BRDA:28,3,2,17
BRDA:31,4,0,0
BRDA:31,4,1,0
BRDA:36,5,0,0
BRDA:36,5,1,0
BRDA:49,6,0,0
BRDA:49,6,1,0
BRDA:52,7,0,0
BRDA:52,7,1,0
BRDA:60,8,0,0
BRDA:60,8,1,0
BRDA:61,9,0,0
BRDA:61,9,1,0
BRDA:70,10,0,0
BRDA:70,10,1,17
BRDA:71,11,0,17
BRDA:71,11,1,17
BRDA:71,11,2,1
BRDA:71,11,3,1
BRDA:81,12,0,0
BRDA:81,12,1,0
BRDA:85,13,0,0
BRDA:85,13,1,0
BRDA:87,14,0,0
BRDA:87,14,1,0
BRDA:91,15,0,0
BRDA:91,15,1,0
BRF:33
BRH:9
end_of_record
TN:
SF:src/components/TextArea/index.tsx
FN:43,TextArea
FN:49,(anonymous_1)
FN:61,(anonymous_2)
FNF:3
FNH:3
FNDA:106,TextArea
FNDA:30,(anonymous_1)
FNDA:30,(anonymous_2)
DA:44,106
DA:45,106
DA:46,106
DA:47,106
DA:48,106
DA:49,106
DA:50,30
DA:51,30
DA:52,30
DA:53,30
DA:55,30
DA:56,30
DA:61,106
DA:62,30
DA:63,0
DA:64,0
DA:65,0
DA:70,106
LF:18
LH:15
BRDA:44,0,0,106
BRDA:44,0,1,0
BRDA:51,1,0,30
BRDA:51,1,1,0
BRDA:52,2,0,30
BRDA:52,2,1,0
BRDA:53,3,0,30
BRDA:53,3,1,30
BRDA:55,4,0,30
BRDA:55,4,1,0
BRDA:62,5,0,0
BRDA:62,5,1,30
BRDA:62,6,0,30
BRDA:62,6,1,0
BRDA:71,7,0,106
BRDA:71,7,1,0
BRDA:73,8,0,0
BRDA:73,8,1,106
BRF:18
BRH:10
end_of_record
TN:
SF:src/components/TextArea/shortcuts.ts
FN:4,getCommands
FN:5,(anonymous_1)
FN:15,shortcutsHandle
FN:49,(anonymous_3)
FN:50,(anonymous_4)
FNF:5
FNH:5
FNDA:17,getCommands
FNDA:357,(anonymous_1)
FNDA:17,shortcutsHandle
FNDA:56,(anonymous_3)
FNDA:87,(anonymous_4)
DA:5,17
DA:6,357
DA:7,0
DA:8,357
DA:9,255
DA:12,17
DA:22,17
DA:23,17
DA:24,17
DA:25,0
DA:27,17
DA:28,1
DA:30,17
DA:31,0
DA:33,17
DA:34,2
DA:36,17
DA:37,2
DA:39,17
DA:40,2
DA:42,17
DA:43,13
DA:46,4
DA:47,4
DA:49,4
DA:50,56
DA:51,87
DA:52,36
DA:54,51
DA:56,56
DA:57,5
DA:60,4
DA:61,4
DA:62,4
DA:63,4
DA:64,4
LF:36
LH:33
BRDA:4,0,0,0
BRDA:4,1,0,17
BRDA:6,2,0,0
BRDA:6,2,1,357
BRDA:6,3,0,357
BRDA:6,3,1,0
BRDA:7,4,0,0
BRDA:7,4,1,0
BRDA:8,5,0,255
BRDA:8,5,1,102
BRDA:8,6,0,357
BRDA:8,6,1,357
BRDA:8,6,2,255
BRDA:17,7,0,0
BRDA:22,8,0,17
BRDA:22,8,1,0
BRDA:24,9,0,0
BRDA:24,9,1,17
BRDA:27,10,0,1
BRDA:27,10,1,16
BRDA:30,11,0,0
BRDA:30,11,1,17
BRDA:33,12,0,2
BRDA:33,12,1,15
BRDA:36,13,0,2
BRDA:36,13,1,15
BRDA:36,14,0,17
BRDA:36,14,1,2
BRDA:39,15,0,2
BRDA:39,15,1,15
BRDA:42,16,0,13
BRDA:42,16,1,4
BRDA:47,17,0,2
BRDA:47,17,1,2
BRDA:51,18,0,36
BRDA:51,18,1,51
BRDA:52,19,0,36
BRDA:52,19,1,18
BRDA:56,20,0,5
BRDA:56,20,1,51
BRDA:60,21,0,4
BRDA:60,21,1,0
BRDA:60,22,0,4
BRDA:60,22,1,4
BRF:44
BRH:34
end_of_record
TN:
SF:src/components/Toolbar/Child.tsx
FN:11,Child
FN:15,(anonymous_1)
FN:18,(anonymous_2)
FNF:3
FNH:0
FNDA:0,Child
FNDA:0,(anonymous_1)
FNDA:0,(anonymous_2)
DA:12,0
DA:13,0
DA:14,0
DA:16,0
DA:18,0
LF:5
LH:0
BRDA:12,0,0,0
BRDA:12,0,1,0
BRDA:13,1,0,0
BRDA:17,2,0,0
BRDA:17,2,1,0
BRDA:17,3,0,0
BRDA:17,3,1,0
BRDA:20,4,0,0
BRDA:20,4,1,0
BRF:9
BRH:0
end_of_record
TN:
SF:src/components/Toolbar/index.tsx
FN:16,ToolbarItems
FN:21,handleClick
FN:31,(anonymous_2)
FN:39,(anonymous_3)
FN:50,(anonymous_4)
FN:69,(anonymous_5)
FN:79,(anonymous_6)
FN:81,(anonymous_7)
FN:82,(anonymous_8)
FN:98,(anonymous_9)
FN:121,Toolbar
FNF:11
FNH:6
FNDA:212,ToolbarItems
FNDA:26,handleClick
FNDA:0,(anonymous_2)
FNDA:0,(anonymous_3)
FNDA:64,(anonymous_4)
FNDA:1686,(anonymous_5)
FNDA:0,(anonymous_6)
FNDA:0,(anonymous_7)
FNDA:0,(anonymous_8)
FNDA:26,(anonymous_9)
FNDA:106,Toolbar
DA:17,212
DA:18,212
DA:19,212
DA:22,26
DA:23,26
DA:24,26
DA:25,0
DA:27,26
DA:28,1
DA:30,26
DA:31,0
DA:32,0
DA:33,0
DA:34,0
DA:35,0
DA:38,26
DA:39,0
DA:40,0
DA:44,26
DA:45,26
DA:47,26
DA:50,212
DA:51,64
DA:52,64
DA:53,64
DA:55,2
DA:58,62
DA:59,62
DA:62,62
DA:67,212
DA:70,1686
DA:71,246
DA:73,1440
DA:75,1440
DA:77,1440
DA:79,0
DA:81,0
DA:82,0
DA:85,1440
DA:86,1440
DA:99,26
DA:100,26
DA:122,106
DA:123,106
DA:124,106
LF:45
LH:34
BRDA:18,0,0,0
BRDA:22,1,0,0
BRDA:22,1,1,26
BRDA:24,2,0,0
BRDA:24,2,1,26
BRDA:27,3,0,1
BRDA:27,3,1,25
BRDA:30,4,0,0
BRDA:30,4,1,26
BRDA:30,5,0,26
BRDA:30,5,1,26
BRDA:32,6,0,0
BRDA:32,6,1,0
BRDA:34,7,0,0
BRDA:34,7,1,0
BRDA:38,8,0,0
BRDA:38,8,1,26
BRDA:38,9,0,26
BRDA:38,9,1,26
BRDA:39,10,0,0
BRDA:39,10,1,0
BRDA:44,11,0,26
BRDA:44,11,1,0
BRDA:47,12,0,26
BRDA:47,12,1,26
BRDA:52,13,0,64
BRDA:52,13,1,0
BRDA:52,14,0,64
BRDA:52,14,1,64
BRDA:53,15,0,2
BRDA:53,15,1,62
BRDA:58,16,0,62
BRDA:58,16,1,0
BRDA:69,17,0,212
BRDA:69,17,1,0
BRDA:70,18,0,246
BRDA:70,18,1,1440
BRDA:73,19,0,0
BRDA:73,19,1,1440
BRDA:75,20,0,1440
BRDA:75,20,1,36
BRDA:75,20,2,1438
BRDA:75,20,3,318
BRDA:77,21,0,0
BRDA:77,21,1,1440
BRDA:77,22,0,1440
BRDA:77,22,1,0
BRDA:80,23,0,0
BRDA:80,23,1,0
BRDA:85,24,0,1440
BRDA:85,24,1,1440
BRDA:85,24,2,1440
BRDA:85,24,3,0
BRDA:87,25,0,108
BRDA:87,25,1,1332
BRDA:88,26,0,1440
BRDA:88,26,1,140
BRDA:89,27,0,1440
BRDA:89,27,1,1300
BRDA:105,28,0,1440
BRDA:105,28,1,0
BRDA:111,29,0,0
BRDA:111,29,1,0
BRDA:121,30,0,0
BRDA:122,31,0,0
BRDA:126,32,0,106
BRDA:126,32,1,106
BRDA:126,32,2,0
BRDA:127,33,0,106
BRDA:127,33,1,106
BRDA:127,34,0,106
BRDA:127,34,1,0
BRF:72
BRH:44
end_of_record
TN:
SF:src/utils/InsertTextAtPosition.ts
FN:13,canManipulateViaTextNodes
FN:31,(anonymous_1)
FN:57,insertTextAtPosition
FNF:3
FNH:2
FNDA:0,canManipulateViaTextNodes
FNDA:6,(anonymous_1)
FNDA:21,insertTextAtPosition
DA:14,0
DA:15,0
DA:17,0
DA:18,0
DA:19,0
DA:20,0
DA:22,0
DA:31,2
DA:36,6
DA:37,6
DA:39,6
DA:40,12
DA:41,12
DA:42,0
DA:43,0
DA:47,6
DA:48,6
DA:49,6
DA:59,21
DA:62,21
DA:63,0
DA:64,0
DA:67,0
DA:68,0
DA:70,0
DA:74,21
DA:75,21
DA:76,21
DA:77,21
DA:79,21
DA:80,21
DA:83,0
DA:84,0
DA:86,0
DA:87,0
DA:90,0
DA:91,0
DA:94,0
DA:95,0
DA:96,0
DA:98,0
DA:99,0
DA:102,0
DA:103,0
DA:107,0
DA:108,0
DA:111,0
DA:112,0
DA:116,0
DA:117,0
DA:127,0
DA:129,0
DA:132,0
DA:133,0
DA:138,21
DA:141,21
DA:142,21
DA:143,21
LF:58
LH:21
BRDA:14,0,0,0
BRDA:14,0,1,0
BRDA:17,1,0,0
BRDA:17,1,1,0
BRDA:41,2,0,0
BRDA:41,2,1,12
BRDA:62,3,0,0
BRDA:62,3,1,21
BRDA:74,4,0,21
BRDA:74,4,1,0
BRDA:75,5,0,21
BRDA:75,5,1,0
BRDA:79,6,0,21
BRDA:79,6,1,0
BRDA:86,7,0,0
BRDA:86,7,1,0
BRDA:90,8,0,0
BRDA:90,8,1,0
BRDA:98,9,0,0
BRDA:98,9,1,0
BRDA:98,9,2,0
BRDA:102,10,0,0
BRDA:102,10,1,0
BRDA:102,11,0,0
BRDA:102,11,1,0
BRDA:107,12,0,0
BRDA:107,12,1,0
BRDA:107,13,0,0
BRDA:107,13,1,0
BRDA:116,14,0,0
BRDA:116,14,1,0
BRDA:127,15,0,0
BRDA:127,15,1,0
BRDA:127,16,0,0
BRDA:127,16,1,0
BRF:35
BRH:5
end_of_record
TN:
SF:src/utils/markdownUtils.ts
FN:8,selectWord
FN:20,getBreaksNeededForEmptyLineBefore
FN:49,getBreaksNeededForEmptyLineAfter
FN:75,getSurroundingWord
FN:78,(anonymous_4)
FNF:5
FNH:5
FNDA:14,selectWord
FNDA:6,getBreaksNeededForEmptyLineBefore
FNDA:6,getBreaksNeededForEmptyLineAfter
FNDA:14,getSurroundingWord
FNDA:73,(anonymous_4)
DA:9,14
DA:11,11
DA:13,3
DA:21,6
DA:28,0
DA:29,0
DA:30,0
DA:31,0
DA:33,0
DA:35,0
DA:36,0
DA:37,0
DA:39,0
DA:42,0
DA:50,6
DA:57,6
DA:58,6
DA:59,6
DA:60,0
DA:62,0
DA:64,0
DA:65,0
DA:66,0
DA:69,0
DA:72,6
DA:76,14
DA:78,73
DA:81,14
DA:83,14
DA:86,14
DA:87,4
DA:88,1
DA:89,1
DA:94,14
DA:95,69
DA:96,2
DA:97,2
DA:101,14
LF:38
LH:22
BRDA:9,0,0,11
BRDA:9,0,1,3
BRDA:9,1,0,14
BRDA:9,1,1,13
BRDA:9,1,2,13
BRDA:20,2,0,0
BRDA:21,3,0,6
BRDA:21,3,1,0
BRDA:30,4,0,0
BRDA:30,4,1,0
BRDA:31,5,0,0
BRDA:31,5,1,0
BRDA:31,5,2,0
BRDA:42,6,0,0
BRDA:42,6,1,0
BRDA:49,7,0,0
BRDA:50,8,0,0
BRDA:50,8,1,6
BRDA:59,9,0,6
BRDA:59,9,1,0
BRDA:60,10,0,0
BRDA:60,10,1,0
BRDA:60,10,2,0
BRDA:72,11,0,6
BRDA:72,11,1,0
BRDA:76,12,0,0
BRDA:76,12,1,14
BRDA:78,13,0,73
BRDA:78,13,1,70
BRDA:87,14,0,1
BRDA:87,14,1,3
BRDA:95,15,0,2
BRDA:95,15,1,67
BRF:33
BRH:16
end_of_record
