TN:
SF:src/Context.tsx
FN:30,reducer
FNF:1
FNH:1
FNDA:186,reducer
DA:31,186
DA:34,2
LF:2
LH:2
BRF:0
BRH:0
end_of_record
TN:
SF:src/Editor.tsx
FN:119,setGroupPopFalse
FN:120,(anonymous_1)
FN:126,(anonymous_2)
FN:160,(anonymous_3)
FN:163,(anonymous_4)
FN:183,(anonymous_5)
FN:184,(anonymous_6)
FN:185,(anonymous_7)
FN:210,(anonymous_8)
FN:214,(anonymous_9)
FN:216,(anonymous_10)
FN:218,(anonymous_11)
FN:223,(anonymous_12)
FN:225,(anonymous_13)
FN:230,(anonymous_14)
FN:232,(anonymous_15)
FN:240,(anonymous_16)
FN:243,(anonymous_17)
FN:246,(anonymous_18)
FN:252,(anonymous_19)
FN:280,(anonymous_20)
FN:283,(anonymous_21)
FN:297,(anonymous_22)
FN:320,(anonymous_23)
FN:327,(anonymous_24)
FN:338,(anonymous_25)
FNF:26
FNH:17
FNDA:0,setGroupPopFalse
FNDA:0,(anonymous_1)
FNDA:122,(anonymous_2)
FNDA:1052,(anonymous_3)
FNDA:610,(anonymous_4)
FNDA:0,(anonymous_5)
FNDA:32,(anonymous_6)
FNDA:31,(anonymous_7)
FNDA:83,(anonymous_8)
FNDA:32,(anonymous_9)
FNDA:32,(anonymous_10)
FNDA:32,(anonymous_11)
FNDA:32,(anonymous_12)
FNDA:32,(anonymous_13)
FNDA:33,(anonymous_14)
FNDA:122,(anonymous_15)
FNDA:63,(anonymous_16)
FNDA:2,(anonymous_17)
FNDA:0,(anonymous_18)
FNDA:0,(anonymous_19)
FNDA:122,(anonymous_20)
FNDA:0,(anonymous_21)
FNDA:0,(anonymous_22)
FNDA:28,(anonymous_23)
FNDA:0,(anonymous_24)
FNDA:0,(anonymous_25)
DA:120,0
DA:121,0
DA:123,0
DA:126,2
DA:158,122
DA:159,122
DA:160,1052
DA:162,122
DA:163,610
DA:165,122
DA:179,122
DA:180,122
DA:181,122
DA:183,122
DA:184,122
DA:185,122
DA:186,31
DA:187,31
DA:188,31
DA:190,31
DA:191,31
DA:192,31
DA:193,31
DA:198,122
DA:209,122
DA:210,83
DA:214,122
DA:216,122
DA:217,122
DA:218,32
DA:223,122
DA:224,122
DA:225,32
DA:230,122
DA:231,122
DA:232,122
DA:236,122
DA:237,122
DA:238,122
DA:240,122
DA:241,63
DA:242,63
DA:243,31
DA:244,2
DA:246,31
DA:247,0
DA:252,122
DA:253,0
DA:254,0
DA:255,0
DA:256,0
DA:257,0
DA:258,0
DA:260,0
DA:262,0
DA:263,0
DA:264,0
DA:266,0
DA:267,0
DA:269,0
DA:270,0
DA:271,0
DA:272,0
DA:273,0
DA:275,0
DA:279,122
DA:281,122
DA:283,0
DA:291,122
DA:298,0
DA:321,28
DA:322,28
DA:323,0
DA:327,0
DA:339,0
DA:351,2
DA:357,2
LF:77
LH:50
BRDA:119,0,0,0
BRDA:131,1,0,122
BRDA:134,2,0,62
BRDA:136,3,0,122
BRDA:137,4,0,119
BRDA:138,5,0,122
BRDA:139,6,0,122
BRDA:140,7,0,122
BRDA:140,8,0,0
BRDA:140,8,1,122
BRDA:141,9,0,122
BRDA:142,10,0,122
BRDA:143,11,0,122
BRDA:144,12,0,122
BRDA:145,13,0,122
BRDA:147,14,0,122
BRDA:148,15,0,122
BRDA:150,16,0,122
BRDA:151,17,0,122
BRDA:155,18,0,122
BRDA:158,19,0,122
BRDA:158,19,1,0
BRDA:160,20,0,0
BRDA:160,20,1,1052
BRDA:163,21,0,0
BRDA:163,21,1,610
BRDA:187,22,0,31
BRDA:187,22,1,0
BRDA:188,23,0,31
BRDA:188,23,1,0
BRDA:190,24,0,31
BRDA:190,24,1,9
BRDA:192,25,0,31
BRDA:192,25,1,0
BRDA:202,26,0,122
BRDA:202,26,1,0
BRDA:203,27,0,1
BRDA:203,27,1,121
BRDA:210,28,0,83
BRDA:210,28,1,29
BRDA:210,29,0,29
BRDA:210,29,1,18
BRDA:214,30,0,32
BRDA:214,30,1,0
BRDA:216,31,0,32
BRDA:216,31,1,0
BRDA:218,32,0,32
BRDA:218,32,1,0
BRDA:223,33,0,32
BRDA:223,33,1,0
BRDA:225,34,0,32
BRDA:225,34,1,0
BRDA:230,35,0,33
BRDA:230,35,1,1
BRDA:232,36,0,122
BRDA:232,36,1,1
BRDA:232,36,2,1
BRDA:242,37,0,31
BRDA:242,37,1,32
BRDA:253,38,0,0
BRDA:253,38,1,0
BRDA:255,39,0,0
BRDA:255,39,1,0
BRDA:256,40,0,0
BRDA:256,40,1,0
BRDA:260,41,0,0
BRDA:260,41,1,0
BRDA:260,42,0,0
BRDA:260,42,1,0
BRDA:263,43,0,0
BRDA:263,43,1,0
BRDA:263,44,0,0
BRDA:263,44,1,0
BRDA:266,45,0,0
BRDA:266,45,1,0
BRDA:266,46,0,0
BRDA:266,46,1,0
BRDA:270,47,0,0
BRDA:270,47,1,0
BRDA:271,48,0,0
BRDA:271,48,1,0
BRDA:272,49,0,0
BRDA:272,49,1,0
BRDA:273,50,0,0
BRDA:273,50,1,0
BRDA:285,51,0,122
BRDA:285,51,1,37
BRDA:286,52,0,122
BRDA:286,52,1,122
BRDA:302,53,0,122
BRDA:302,53,1,0
BRDA:305,54,0,122
BRDA:305,54,1,122
BRDA:305,54,2,122
BRDA:314,55,0,122
BRDA:314,55,1,122
BRDA:314,56,0,122
BRDA:314,56,1,0
BRDA:321,57,0,28
BRDA:321,57,1,28
BRDA:322,58,0,0
BRDA:322,58,1,28
BRDA:322,59,0,28
BRDA:322,59,1,23
BRDA:330,60,0,122
BRDA:330,60,1,122
BRDA:330,61,0,122
BRDA:330,61,1,0
BRDA:332,62,0,122
BRDA:332,62,1,122
BRDA:332,62,2,121
BRDA:343,63,0,122
BRDA:343,63,1,122
BRDA:343,63,2,0
BRF:114
BRH:69
end_of_record
TN:
SF:src/index.tsx
FNF:0
FNH:0
LF:0
LH:0
BRF:0
BRH:0
end_of_record
TN:
SF:src/commands/bold.tsx
FN:18,(anonymous_0)
FNF:1
FNH:1
FNDA:1,(anonymous_0)
DA:5,2
DA:20,1
DA:21,1
DA:23,1
DA:25,1
LF:5
LH:5
BRF:0
BRH:0
end_of_record
TN:
SF:src/commands/code.tsx
FN:22,(anonymous_0)
FN:72,(anonymous_1)
FNF:2
FNH:2
FNDA:2,(anonymous_0)
FNDA:1,(anonymous_1)
DA:9,2
DA:24,2
DA:25,2
DA:27,2
DA:28,1
DA:31,1
DA:32,1
DA:34,1
DA:38,1
DA:41,1
DA:42,1
DA:44,1
DA:45,1
DA:47,1
DA:49,1
DA:50,1
DA:52,1
DA:59,2
DA:74,1
DA:75,1
DA:77,1
DA:78,1
DA:80,1
DA:81,1
DA:83,1
DA:85,1
DA:86,1
DA:88,1
LF:28
LH:28
BRDA:27,0,0,1
BRDA:27,0,1,1
BRF:2
BRH:2
end_of_record
TN:
SF:src/commands/comment.tsx
FN:8,(anonymous_0)
FNF:1
FNH:1
FNDA:1,(anonymous_0)
DA:4,2
DA:10,1
DA:11,1
DA:13,1
DA:15,1
LF:5
LH:5
BRF:0
BRH:0
end_of_record
TN:
SF:src/commands/divider.tsx
FNF:0
FNH:0
DA:3,2
LF:1
LH:1
BRF:0
BRH:0
end_of_record
TN:
SF:src/commands/fullscreen.tsx
FN:18,(anonymous_0)
FNF:1
FNH:1
FNDA:1,(anonymous_0)
DA:5,2
DA:24,1
DA:25,1
DA:26,0
LF:4
LH:3
BRDA:25,0,0,0
BRDA:25,0,1,1
BRDA:25,1,0,1
BRDA:25,1,1,0
BRDA:25,1,2,0
BRF:5
BRH:2
end_of_record
TN:
SF:src/commands/group.tsx
FN:8,(anonymous_0)
FN:19,(anonymous_1)
FN:24,(anonymous_2)
FNF:3
FNH:0
FNDA:0,(anonymous_0)
FNDA:0,(anonymous_1)
FNDA:0,(anonymous_2)
DA:8,2
DA:9,0
DA:23,0
DA:24,0
DA:25,0
DA:26,0
DA:29,0
LF:7
LH:1
BRDA:23,0,0,0
BRDA:23,0,1,0
BRF:2
BRH:0
end_of_record
TN:
SF:src/commands/hr.tsx
FN:18,(anonymous_0)
FNF:1
FNH:1
FNDA:1,(anonymous_0)
DA:4,2
DA:19,1
LF:2
LH:2
BRF:0
BRH:0
end_of_record
TN:
SF:src/commands/image.tsx
FN:18,(anonymous_0)
FNF:1
FNH:1
FNDA:2,(anonymous_0)
DA:5,2
DA:20,2
DA:21,2
DA:23,2
DA:24,2
DA:26,2
LF:6
LH:6
BRDA:23,0,0,2
BRDA:23,0,1,1
BRF:2
BRH:2
end_of_record
TN:
SF:src/commands/index.ts
FN:81,(anonymous_0)
FN:100,(anonymous_1)
FN:102,getStateFromTextArea
FN:116,(anonymous_3)
FN:125,(anonymous_4)
FN:134,(anonymous_5)
FN:146,(anonymous_6)
FN:151,(anonymous_7)
FN:156,(anonymous_8)
FNF:9
FNH:8
FNDA:62,(anonymous_0)
FNDA:122,(anonymous_1)
FNDA:77,getStateFromTextArea
FNDA:34,(anonymous_3)
FNDA:21,(anonymous_4)
FNDA:28,(anonymous_5)
FNDA:31,(anonymous_6)
FNDA:0,(anonymous_7)
FNDA:28,(anonymous_8)
DA:81,62
DA:100,122
DA:103,77
DA:117,34
DA:126,21
DA:127,21
DA:135,28
DA:136,28
DA:137,28
DA:138,28
DA:147,31
DA:148,31
DA:152,0
DA:153,0
DA:161,28
LF:15
LH:13
BRDA:152,0,0,0
BRDA:152,0,1,0
BRDA:161,1,0,28
BRDA:161,1,1,28
BRF:4
BRH:2
end_of_record
TN:
SF:src/commands/italic.tsx
FN:18,(anonymous_0)
FNF:1
FNH:1
FNDA:1,(anonymous_0)
DA:5,2
DA:20,1
DA:21,1
DA:23,1
DA:25,1
LF:5
LH:5
BRF:0
BRH:0
end_of_record
TN:
SF:src/commands/link.tsx
FN:18,(anonymous_0)
FNF:1
FNH:1
FNDA:1,(anonymous_0)
DA:5,2
DA:20,1
DA:21,1
DA:23,1
DA:25,1
LF:5
LH:5
BRF:0
BRH:0
end_of_record
TN:
SF:src/commands/list.tsx
FN:14,insertBeforeEachLine
FN:22,(anonymous_1)
FN:38,(anonymous_2)
FN:79,(anonymous_3)
FN:97,(anonymous_4)
FN:98,(anonymous_5)
FN:115,(anonymous_6)
FN:116,(anonymous_7)
FNF:8
FNH:8
FNDA:3,insertBeforeEachLine
FNDA:3,(anonymous_1)
FNDA:3,(anonymous_2)
FNDA:1,(anonymous_3)
FNDA:1,(anonymous_4)
FNDA:2,(anonymous_5)
FNDA:1,(anonymous_6)
FNDA:2,(anonymous_7)
DA:18,3
DA:20,3
DA:21,3
DA:23,3
DA:24,1
DA:25,1
DA:26,2
DA:27,2
DA:28,2
DA:29,2
DA:31,0
DA:35,3
DA:38,2
DA:40,3
DA:41,3
DA:43,3
DA:44,3
DA:46,3
DA:47,3
DA:49,3
DA:51,3
DA:54,3
DA:56,3
DA:57,3
DA:60,3
DA:66,2
DA:80,1
DA:84,2
DA:98,2
DA:102,2
DA:116,2
LF:31
LH:30
BRDA:23,0,0,1
BRDA:23,0,1,2
BRDA:26,1,0,2
BRDA:26,1,1,0
BRDA:54,2,0,3
BRDA:54,2,1,0
BRF:6
BRH:4
end_of_record
TN:
SF:src/commands/preview.tsx
FN:21,(anonymous_0)
FN:38,(anonymous_1)
FN:55,(anonymous_2)
FNF:3
FNH:0
FNDA:0,(anonymous_0)
FNDA:0,(anonymous_1)
FNDA:0,(anonymous_2)
DA:4,2
DA:24,2
DA:41,2
LF:3
LH:3
BRF:0
BRH:0
end_of_record
TN:
SF:src/commands/quote.tsx
FN:22,(anonymous_0)
FNF:1
FNH:1
FNDA:1,(anonymous_0)
DA:9,2
DA:24,1
DA:25,1
DA:26,1
DA:27,1
DA:29,1
DA:30,1
DA:33,1
DA:35,1
DA:36,1
DA:38,1
LF:11
LH:11
BRF:0
BRH:0
end_of_record
TN:
SF:src/commands/strikeThrough.tsx
FN:18,(anonymous_0)
FNF:1
FNH:1
FNDA:1,(anonymous_0)
DA:5,2
DA:20,1
DA:21,1
DA:23,1
DA:25,1
LF:5
LH:5
BRF:0
BRH:0
end_of_record
TN:
SF:src/commands/title.tsx
FNF:0
FNH:0
DA:5,2
LF:1
LH:1
BRF:0
BRH:0
end_of_record
TN:
SF:src/commands/title1.tsx
FN:11,(anonymous_0)
FNF:1
FNH:1
FNDA:2,(anonymous_0)
DA:5,2
DA:12,2
DA:13,1
DA:15,1
LF:4
LH:4
BRDA:12,0,0,1
BRDA:12,0,1,1
BRDA:12,1,0,2
BRDA:12,1,1,1
BRF:4
BRH:4
end_of_record
TN:
SF:src/commands/title2.tsx
FN:11,(anonymous_0)
FNF:1
FNH:1
FNDA:2,(anonymous_0)
DA:5,2
DA:12,2
DA:13,1
DA:15,1
LF:4
LH:4
BRDA:12,0,0,1
BRDA:12,0,1,1
BRDA:12,1,0,2
BRDA:12,1,1,1
BRF:4
BRH:4
end_of_record
TN:
SF:src/commands/title3.tsx
FN:11,(anonymous_0)
FNF:1
FNH:1
FNDA:2,(anonymous_0)
DA:5,2
DA:12,2
DA:13,1
DA:15,1
LF:4
LH:4
BRDA:12,0,0,1
BRDA:12,0,1,1
BRDA:12,1,0,2
BRDA:12,1,1,1
BRF:4
BRH:4
end_of_record
TN:
SF:src/commands/title4.tsx
FN:11,(anonymous_0)
FNF:1
FNH:1
FNDA:2,(anonymous_0)
DA:5,2
DA:12,2
DA:13,1
DA:15,1
LF:4
LH:4
BRDA:12,0,0,1
BRDA:12,0,1,1
BRDA:12,1,0,2
BRDA:12,1,1,1
BRF:4
BRH:4
end_of_record
TN:
SF:src/commands/title5.tsx
FN:11,(anonymous_0)
FNF:1
FNH:1
FNDA:2,(anonymous_0)
DA:5,2
DA:12,2
DA:13,1
DA:15,1
LF:4
LH:4
BRDA:12,0,0,1
BRDA:12,0,1,1
BRDA:12,1,0,2
BRDA:12,1,1,1
BRF:4
BRH:4
end_of_record
TN:
SF:src/commands/title6.tsx
FN:11,(anonymous_0)
FNF:1
FNH:1
FNDA:2,(anonymous_0)
DA:5,2
DA:12,2
DA:13,1
DA:15,1
LF:4
LH:4
BRDA:12,0,0,1
BRDA:12,0,1,1
BRDA:12,1,0,2
BRDA:12,1,1,1
BRF:4
BRH:4
end_of_record
TN:
SF:src/components/DragBar/index.tsx
FN:12,(anonymous_0)
FN:15,handleMouseMove
FN:23,handleMouseUp
FN:26,handleMouseDown
FN:33,(anonymous_4)
FN:38,(anonymous_5)
FN:47,(anonymous_6)
FNF:7
FNH:5
FNDA:91,(anonymous_0)
FNDA:2,handleMouseMove
FNDA:0,handleMouseUp
FNDA:0,handleMouseDown
FNDA:31,(anonymous_4)
FNDA:31,(anonymous_5)
FNDA:32,(anonymous_6)
DA:12,2
DA:13,91
DA:14,91
DA:16,2
DA:17,0
DA:18,0
DA:19,0
DA:24,0
DA:27,0
DA:33,91
DA:34,31
DA:35,31
DA:36,31
DA:38,31
DA:39,31
DA:40,31
DA:41,31
DA:46,91
DA:48,32
DA:57,91
LF:20
LH:15
BRDA:13,0,0,91
BRDA:13,0,1,0
BRDA:16,1,0,0
BRDA:16,1,1,2
BRDA:18,2,0,0
BRDA:18,2,1,0
BRDA:18,3,0,0
BRDA:18,3,1,0
BRDA:19,4,0,0
BRDA:19,4,1,0
BRDA:34,5,0,31
BRDA:34,5,1,0
BRDA:39,6,0,31
BRDA:39,6,1,0
BRF:14
BRH:4
end_of_record
TN:
SF:src/components/TextArea/Markdown.tsx
FN:7,html2Escape
FN:9,(anonymous_1)
FN:12,(anonymous_2)
FN:17,(anonymous_3)
FN:23,Markdown
FN:27,(anonymous_5)
FN:34,(anonymous_6)
FNF:7
FNH:4
FNDA:68,html2Escape
FNDA:0,(anonymous_1)
FNDA:0,(anonymous_2)
FNDA:0,(anonymous_3)
FNDA:92,Markdown
FNDA:31,(anonymous_5)
FNDA:92,(anonymous_6)
DA:8,68
DA:10,0
DA:12,0
DA:17,0
DA:24,92
DA:25,92
DA:26,92
DA:27,92
DA:28,31
DA:29,9
DA:34,92
DA:35,92
DA:36,24
DA:38,68
DA:42,68
DA:43,68
DA:44,68
DA:52,68
LF:18
LH:15
BRDA:25,0,0,6
BRDA:28,1,0,9
BRDA:28,1,1,22
BRDA:28,2,0,31
BRDA:28,2,1,9
BRDA:35,3,0,24
BRDA:35,3,1,68
BRDA:42,4,0,68
BRDA:42,4,1,0
BRDA:54,5,0,68
BRDA:54,5,1,0
BRF:11
BRH:9
end_of_record
TN:
SF:src/components/TextArea/Textarea.tsx
FN:11,Textarea
FN:28,(anonymous_1)
FN:32,(anonymous_2)
FN:41,(anonymous_3)
FN:45,(anonymous_4)
FN:49,(anonymous_5)
FN:68,(anonymous_6)
FNF:7
FNH:7
FNDA:92,Textarea
FNDA:32,(anonymous_1)
FNDA:31,(anonymous_2)
FNDA:3,(anonymous_3)
FNDA:31,(anonymous_4)
FNDA:31,(anonymous_5)
FNDA:28,(anonymous_6)
DA:12,92
DA:23,92
DA:24,92
DA:25,92
DA:26,92
DA:28,92
DA:29,32
DA:32,92
DA:33,31
DA:34,31
DA:35,31
DA:36,31
DA:41,92
DA:42,3
DA:43,3
DA:45,92
DA:46,31
DA:47,31
DA:49,31
DA:50,31
DA:52,0
DA:58,92
DA:69,28
DA:70,28
LF:24
LH:23
BRDA:33,0,0,31
BRDA:33,0,1,0
BRDA:33,1,0,31
BRDA:33,1,1,31
BRDA:43,2,0,3
BRDA:43,2,1,0
BRDA:43,3,0,3
BRDA:43,3,1,0
BRDA:46,4,0,31
BRDA:46,4,1,0
BRDA:50,5,0,0
BRDA:50,5,1,31
BRDA:66,6,0,0
BRDA:66,6,1,92
BRDA:69,7,0,28
BRDA:69,7,1,28
BRDA:70,8,0,28
BRDA:70,8,1,28
BRF:18
BRH:12
end_of_record
TN:
SF:src/components/TextArea/handleKeyDown.tsx
FN:9,stopPropagation
FN:14,handleKeyDown
FN:35,(anonymous_2)
FN:55,(anonymous_3)
FNF:4
FNH:1
FNDA:0,stopPropagation
FNDA:3,handleKeyDown
FNDA:0,(anonymous_2)
FNDA:0,(anonymous_3)
DA:10,0
DA:11,0
DA:19,3
DA:20,3
DA:21,3
DA:22,3
DA:23,3
DA:28,3
DA:29,0
DA:30,0
DA:31,0
DA:32,0
DA:33,0
DA:34,0
DA:35,0
DA:36,0
DA:37,0
DA:40,0
DA:41,0
DA:42,0
DA:44,0
DA:49,0
DA:51,0
DA:52,0
DA:53,0
DA:55,0
DA:58,0
DA:60,0
DA:61,0
DA:63,0
DA:68,0
DA:70,3
DA:78,0
DA:79,0
DA:81,0
DA:82,0
DA:85,0
DA:86,0
DA:87,0
DA:88,0
DA:91,0
DA:92,0
DA:94,0
LF:43
LH:7
BRDA:16,0,0,0
BRDA:17,1,0,0
BRDA:28,2,0,0
BRDA:28,2,1,3
BRDA:28,3,0,3
BRDA:28,3,1,3
BRDA:28,3,2,3
BRDA:31,4,0,0
BRDA:31,4,1,0
BRDA:36,5,0,0
BRDA:36,5,1,0
BRDA:49,6,0,0
BRDA:49,6,1,0
BRDA:52,7,0,0
BRDA:52,7,1,0
BRDA:60,8,0,0
BRDA:60,8,1,0
BRDA:61,9,0,0
BRDA:61,9,1,0
BRDA:70,10,0,0
BRDA:70,10,1,3
BRDA:71,11,0,3
BRDA:71,11,1,3
BRDA:71,11,2,0
BRDA:71,11,3,0
BRDA:81,12,0,0
BRDA:81,12,1,0
BRDA:85,13,0,0
BRDA:85,13,1,0
BRDA:87,14,0,0
BRDA:87,14,1,0
BRDA:91,15,0,0
BRDA:91,15,1,0
BRF:33
BRH:7
end_of_record
TN:
SF:src/components/TextArea/index.tsx
FN:43,TextArea
FN:49,(anonymous_1)
FN:61,(anonymous_2)
FNF:3
FNH:3
FNDA:92,TextArea
FNDA:31,(anonymous_1)
FNDA:31,(anonymous_2)
DA:44,92
DA:45,92
DA:46,92
DA:47,92
DA:48,92
DA:49,92
DA:50,31
DA:51,31
DA:52,31
DA:53,31
DA:55,31
DA:56,31
DA:61,92
DA:62,31
DA:63,0
DA:64,0
DA:65,0
DA:70,92
DA:72,92
LF:19
LH:16
BRDA:44,0,0,92
BRDA:44,0,1,0
BRDA:51,1,0,31
BRDA:51,1,1,0
BRDA:52,2,0,31
BRDA:52,2,1,0
BRDA:53,3,0,31
BRDA:53,3,1,31
BRDA:55,4,0,31
BRDA:55,4,1,0
BRDA:62,5,0,0
BRDA:62,5,1,31
BRDA:62,6,0,31
BRDA:62,6,1,0
BRDA:70,7,0,92
BRDA:70,7,1,0
BRDA:73,8,0,92
BRDA:73,8,1,0
BRDA:75,9,0,0
BRDA:75,9,1,92
BRDA:104,10,0,92
BRDA:104,10,1,92
BRF:22
BRH:13
end_of_record
TN:
SF:src/components/TextArea/shortcuts.ts
FN:4,getCommands
FN:5,(anonymous_1)
FN:15,shortcutsHandle
FN:49,(anonymous_3)
FN:50,(anonymous_4)
FNF:5
FNH:5
FNDA:3,getCommands
FNDA:63,(anonymous_1)
FNDA:3,shortcutsHandle
FNDA:28,(anonymous_3)
FNDA:59,(anonymous_4)
DA:5,3
DA:6,63
DA:7,0
DA:8,63
DA:9,45
DA:12,3
DA:22,3
DA:23,3
DA:24,3
DA:25,0
DA:27,3
DA:28,1
DA:30,3
DA:31,0
DA:33,3
DA:34,2
DA:36,3
DA:37,2
DA:39,3
DA:40,0
DA:42,3
DA:43,1
DA:46,2
DA:47,2
DA:49,2
DA:50,28
DA:51,59
DA:52,18
DA:54,41
DA:56,28
DA:57,3
DA:60,2
DA:61,2
DA:62,2
DA:63,2
DA:64,2
LF:36
LH:32
BRDA:4,0,0,0
BRDA:4,1,0,3
BRDA:6,2,0,0
BRDA:6,2,1,63
BRDA:6,3,0,63
BRDA:6,3,1,0
BRDA:7,4,0,0
BRDA:7,4,1,0
BRDA:8,5,0,45
BRDA:8,5,1,18
BRDA:8,6,0,63
BRDA:8,6,1,63
BRDA:8,6,2,45
BRDA:17,7,0,0
BRDA:22,8,0,3
BRDA:22,8,1,0
BRDA:24,9,0,0
BRDA:24,9,1,3
BRDA:27,10,0,1
BRDA:27,10,1,2
BRDA:30,11,0,0
BRDA:30,11,1,3
BRDA:33,12,0,2
BRDA:33,12,1,1
BRDA:36,13,0,2
BRDA:36,13,1,1
BRDA:36,14,0,3
BRDA:36,14,1,2
BRDA:39,15,0,0
BRDA:39,15,1,3
BRDA:42,16,0,1
BRDA:42,16,1,2
BRDA:47,17,0,0
BRDA:47,17,1,2
BRDA:51,18,0,18
BRDA:51,18,1,41
BRDA:52,19,0,18
BRDA:52,19,1,0
BRDA:56,20,0,3
BRDA:56,20,1,25
BRDA:60,21,0,2
BRDA:60,21,1,0
BRDA:60,22,0,2
BRDA:60,22,1,2
BRF:44
BRH:31
end_of_record
TN:
SF:src/components/Toolbar/Child.tsx
FN:11,Child
FN:15,(anonymous_1)
FN:18,(anonymous_2)
FNF:3
FNH:0
FNDA:0,Child
FNDA:0,(anonymous_1)
FNDA:0,(anonymous_2)
DA:12,0
DA:13,0
DA:14,0
DA:16,0
DA:18,0
LF:5
LH:0
BRDA:12,0,0,0
BRDA:12,0,1,0
BRDA:13,1,0,0
BRDA:17,2,0,0
BRDA:17,2,1,0
BRDA:17,3,0,0
BRDA:17,3,1,0
BRDA:20,4,0,0
BRDA:20,4,1,0
BRF:9
BRH:0
end_of_record
TN:
SF:src/components/Toolbar/index.tsx
FN:17,ToolbarItems
FN:22,handleClick
FN:32,(anonymous_2)
FN:40,(anonymous_3)
FN:51,(anonymous_4)
FN:69,(anonymous_5)
FN:79,(anonymous_6)
FN:81,(anonymous_7)
FN:82,(anonymous_8)
FN:100,(anonymous_9)
FN:123,Toolbar
FNF:11
FNH:6
FNDA:184,ToolbarItems
FNDA:26,handleClick
FNDA:0,(anonymous_2)
FNDA:0,(anonymous_3)
FNDA:64,(anonymous_4)
FNDA:1392,(anonymous_5)
FNDA:0,(anonymous_6)
FNDA:0,(anonymous_7)
FNDA:0,(anonymous_8)
FNDA:26,(anonymous_9)
FNDA:92,Toolbar
DA:18,184
DA:19,184
DA:20,184
DA:23,26
DA:24,26
DA:25,26
DA:26,0
DA:28,26
DA:29,1
DA:31,26
DA:32,0
DA:33,0
DA:34,0
DA:35,0
DA:36,0
DA:39,26
DA:40,0
DA:41,0
DA:45,26
DA:46,26
DA:48,26
DA:51,184
DA:52,64
DA:53,64
DA:55,2
DA:58,62
DA:59,62
DA:62,62
DA:67,184
DA:70,1392
DA:71,204
DA:73,1188
DA:75,1188
DA:77,1188
DA:79,0
DA:81,0
DA:82,0
DA:85,1188
DA:86,1188
DA:101,26
DA:102,26
DA:124,92
DA:125,92
DA:126,92
DA:127,92
LF:45
LH:34
BRDA:19,0,0,0
BRDA:23,1,0,0
BRDA:23,1,1,26
BRDA:25,2,0,0
BRDA:25,2,1,26
BRDA:28,3,0,1
BRDA:28,3,1,25
BRDA:31,4,0,0
BRDA:31,4,1,26
BRDA:31,5,0,26
BRDA:31,5,1,26
BRDA:33,6,0,0
BRDA:33,6,1,0
BRDA:35,7,0,0
BRDA:35,7,1,0
BRDA:39,8,0,0
BRDA:39,8,1,26
BRDA:39,9,0,26
BRDA:39,9,1,26
BRDA:40,10,0,0
BRDA:40,10,1,0
BRDA:45,11,0,26
BRDA:45,11,1,0
BRDA:48,12,0,26
BRDA:48,12,1,26
BRDA:52,13,0,64
BRDA:52,13,1,0
BRDA:52,14,0,64
BRDA:52,14,1,64
BRDA:53,15,0,2
BRDA:53,15,1,62
BRDA:58,16,0,62
BRDA:58,16,1,0
BRDA:69,17,0,184
BRDA:69,17,1,0
BRDA:70,18,0,204
BRDA:70,18,1,1188
BRDA:73,19,0,0
BRDA:73,19,1,1188
BRDA:75,20,0,1188
BRDA:75,20,1,18
BRDA:75,20,2,1187
BRDA:75,20,3,276
BRDA:77,21,0,0
BRDA:77,21,1,1188
BRDA:77,22,0,1188
BRDA:77,22,1,0
BRDA:80,23,0,0
BRDA:80,23,1,0
BRDA:85,24,0,1188
BRDA:85,24,1,1188
BRDA:85,24,2,1188
BRDA:85,24,3,0
BRDA:87,25,0,93
BRDA:87,25,1,1095
BRDA:88,26,0,1188
BRDA:88,26,1,0
BRDA:88,26,2,0
BRDA:89,27,0,1188
BRDA:89,27,1,1188
BRDA:89,27,2,56
BRDA:90,28,0,1188
BRDA:90,28,1,1188
BRDA:90,28,2,1132
BRDA:107,29,0,1188
BRDA:107,29,1,0
BRDA:113,30,0,0
BRDA:113,30,1,0
BRDA:123,31,0,0
BRDA:124,32,0,0
BRDA:126,33,0,0
BRDA:126,33,1,92
BRDA:129,34,0,92
BRDA:129,34,1,92
BRDA:129,34,2,0
BRDA:130,35,0,92
BRDA:130,35,1,92
BRDA:130,36,0,92
BRDA:130,36,1,0
BRF:79
BRH:48
end_of_record
TN:
SF:src/utils/InsertTextAtPosition.ts
FN:13,canManipulateViaTextNodes
FN:31,(anonymous_1)
FN:57,insertTextAtPosition
FNF:3
FNH:2
FNDA:0,canManipulateViaTextNodes
FNDA:6,(anonymous_1)
FNDA:21,insertTextAtPosition
DA:14,0
DA:15,0
DA:17,0
DA:18,0
DA:19,0
DA:20,0
DA:22,0
DA:31,2
DA:36,6
DA:37,6
DA:39,6
DA:40,12
DA:41,12
DA:42,0
DA:43,0
DA:47,6
DA:48,6
DA:49,6
DA:59,21
DA:62,21
DA:63,0
DA:64,0
DA:67,0
DA:68,0
DA:70,0
DA:74,21
DA:75,21
DA:76,21
DA:77,21
DA:79,21
DA:80,21
DA:83,0
DA:84,0
DA:86,0
DA:87,0
DA:90,0
DA:91,0
DA:94,0
DA:95,0
DA:96,0
DA:98,0
DA:99,0
DA:102,0
DA:103,0
DA:107,0
DA:108,0
DA:111,0
DA:112,0
DA:116,0
DA:117,0
DA:127,0
DA:129,0
DA:132,0
DA:133,0
DA:138,21
DA:141,21
DA:142,21
DA:143,21
LF:58
LH:21
BRDA:14,0,0,0
BRDA:14,0,1,0
BRDA:17,1,0,0
BRDA:17,1,1,0
BRDA:41,2,0,0
BRDA:41,2,1,12
BRDA:62,3,0,0
BRDA:62,3,1,21
BRDA:74,4,0,21
BRDA:74,4,1,0
BRDA:75,5,0,21
BRDA:75,5,1,0
BRDA:79,6,0,21
BRDA:79,6,1,0
BRDA:86,7,0,0
BRDA:86,7,1,0
BRDA:90,8,0,0
BRDA:90,8,1,0
BRDA:98,9,0,0
BRDA:98,9,1,0
BRDA:98,9,2,0
BRDA:102,10,0,0
BRDA:102,10,1,0
BRDA:102,11,0,0
BRDA:102,11,1,0
BRDA:107,12,0,0
BRDA:107,12,1,0
BRDA:107,13,0,0
BRDA:107,13,1,0
BRDA:116,14,0,0
BRDA:116,14,1,0
BRDA:127,15,0,0
BRDA:127,15,1,0
BRDA:127,16,0,0
BRDA:127,16,1,0
BRF:35
BRH:5
end_of_record
TN:
SF:src/utils/markdownUtils.ts
FN:8,selectWord
FN:20,getBreaksNeededForEmptyLineBefore
FN:49,getBreaksNeededForEmptyLineAfter
FN:75,getSurroundingWord
FN:78,(anonymous_4)
FNF:5
FNH:5
FNDA:14,selectWord
FNDA:6,getBreaksNeededForEmptyLineBefore
FNDA:6,getBreaksNeededForEmptyLineAfter
FNDA:14,getSurroundingWord
FNDA:73,(anonymous_4)
DA:9,14
DA:11,11
DA:13,3
DA:21,6
DA:28,0
DA:29,0
DA:30,0
DA:31,0
DA:33,0
DA:35,0
DA:36,0
DA:37,0
DA:39,0
DA:42,0
DA:50,6
DA:57,6
DA:58,6
DA:59,6
DA:60,0
DA:62,0
DA:64,0
DA:65,0
DA:66,0
DA:69,0
DA:72,6
DA:76,14
DA:78,73
DA:81,14
DA:83,14
DA:86,14
DA:87,4
DA:88,1
DA:89,1
DA:94,14
DA:95,69
DA:96,2
DA:97,2
DA:101,14
LF:38
LH:22
BRDA:9,0,0,11
BRDA:9,0,1,3
BRDA:9,1,0,14
BRDA:9,1,1,13
BRDA:9,1,2,13
BRDA:20,2,0,0
BRDA:21,3,0,6
BRDA:21,3,1,0
BRDA:30,4,0,0
BRDA:30,4,1,0
BRDA:31,5,0,0
BRDA:31,5,1,0
BRDA:31,5,2,0
BRDA:42,6,0,0
BRDA:42,6,1,0
BRDA:49,7,0,0
BRDA:50,8,0,0
BRDA:50,8,1,6
BRDA:59,9,0,6
BRDA:59,9,1,0
BRDA:60,10,0,0
BRDA:60,10,1,0
BRDA:60,10,2,0
BRDA:72,11,0,6
BRDA:72,11,1,0
BRDA:76,12,0,0
BRDA:76,12,1,14
BRDA:78,13,0,73
BRDA:78,13,1,70
BRDA:87,14,0,1
BRDA:87,14,1,3
BRDA:95,15,0,2
BRDA:95,15,1,67
BRF:33
BRH:16
end_of_record
